<?xml version="1.0" encoding="UTF-8"?>
<testng-results ignored="0" total="1" passed="1" failed="0" skipped="0">
  <reporter-output>
  </reporter-output>
  <suite started-at="2024-09-18T11:02:03 IST" name="Default suite" finished-at="2024-09-18T11:02:38 IST" duration-ms="35600">
    <groups>
    </groups>
    <test started-at="2024-09-18T11:02:03 IST" name="Default test" finished-at="2024-09-18T11:02:38 IST" duration-ms="35600">
      <class name="zone.Captcha1">
        <test-method signature="cap()[pri:0, instance:zone.Captcha1@6fa51cd4]" started-at="2024-09-18T11:02:03 IST" name="cap" finished-at="2024-09-18T11:02:38 IST" duration-ms="35492" status="PASS">
          <reporter-output>
          </reporter-output>
        </test-method> <!-- cap -->
      </class> <!-- zone.Captcha1 -->
    </test> <!-- Default test -->
  </suite> <!-- Default suite -->
</testng-results>
